2023-07-30 09:40:19 - INFO: Start program
2023-07-30 09:40:19 - INFO: 🔧 Configured for [4mdebug[0m.
2023-07-30 09:40:19 - INFO: address: [1;39m127.0.0.1[0m
2023-07-30 09:40:19 - INFO: port: [1;39m8000[0m
2023-07-30 09:40:19 - INFO: workers: [1;39m12[0m
2023-07-30 09:40:19 - INFO: max blocking threads: [1;39m512[0m
2023-07-30 09:40:19 - INFO: ident: [1;39mRocket[0m
2023-07-30 09:40:19 - INFO: IP header: [1;39mX-Real-IP[0m
2023-07-30 09:40:19 - INFO: limits: [1;39mbytes = 8KiB, data-form = 2MiB, file = 1MiB, form = 32KiB, json = 1MiB, msgpack = 1MiB, string = 8KiB[0m
2023-07-30 09:40:19 - INFO: temp dir: [1;39m/tmp[0m
2023-07-30 09:40:19 - INFO: http/2: [1;39mtrue[0m
2023-07-30 09:40:19 - INFO: keep-alive: [1;39m5[0m[1;39ms[0m
2023-07-30 09:40:19 - INFO: tls: [1;39mdisabled[0m
2023-07-30 09:40:19 - INFO: shutdown: [1;39mctrlc = true, force = true, signals = [SIGTERM], grace = 2s, mercy = 3s[0m
2023-07-30 09:40:19 - INFO: log level: [1;39mnormal[0m
2023-07-30 09:40:19 - INFO: cli colors: [1;39mtrue[0m
2023-07-30 09:40:19 - INFO: 📬 [35mRoutes[0m:
2023-07-30 09:40:19 - INFO: [36m([0m[39madd[0m[36m)[0m [32mPOST[0m [4;34m/api[0m[34m/test[0m [33mapplication/json[0m
2023-07-30 09:40:19 - INFO: 📡 [35mFairings[0m:
2023-07-30 09:40:19 - INFO: [1;39mShield[0m ([1;34mliftoff, response, singleton[0m)
2023-07-30 09:40:19 - INFO: 🛡️ [35mShield[0m:
2023-07-30 09:40:19 - INFO: X-Frame-Options: [39mSAMEORIGIN[0m
2023-07-30 09:40:19 - INFO: X-Content-Type-Options: [39mnosniff[0m
2023-07-30 09:40:19 - INFO: Permissions-Policy: [39minterest-cohort=()[0m
2023-07-30 09:40:19 - WARN: 🚀 [1;39mRocket has launched from [4mhttp://127.0.0.1:8000[0m
2023-07-30 09:40:30 - DEBUG: Received request: Request {
    method: POST,
    uri: /api,
    version: HTTP/1.1,
    headers: {
        "host": "localhost:8000",
        "user-agent": "curl/8.1.2",
        "accept": "*/*",
        "content-type": "application/json",
        "content-length": "20",
    },
    body: Body(
        Streaming,
    ),
}
2023-07-30 09:40:30 - INFO: [32mPOST[0m [34m/api[0m [33mapplication/json[0m:
2023-07-30 09:40:30 - ERROR: No matching routes for [32mPOST[0m [34m/api[0m [33mapplication/json[0m.
2023-07-30 09:40:30 - WARN: No [1;34m404[0m catcher registered. Using Rocket default.
2023-07-30 09:40:30 - DEBUG: sending response: Response {
    status: 404,
    version: HTTP/1.1,
    headers: {
        "content-type": "text/html; charset=utf-8",
        "server": "Rocket",
        "x-frame-options": "SAMEORIGIN",
        "x-content-type-options": "nosniff",
        "permissions-policy": "interest-cohort=()",
        "content-length": "383",
    },
    body: Body(
        Streaming,
    ),
}
2023-07-30 09:40:30 - INFO: [32mResponse succeeded.[0m
2023-07-30 09:40:35 - DEBUG: Received request: Request {
    method: POST,
    uri: /api,
    version: HTTP/1.1,
    headers: {
        "host": "localhost:8000",
        "user-agent": "curl/8.1.2",
        "accept": "*/*",
        "content-type": "application/json",
        "content-length": "20",
    },
    body: Body(
        Streaming,
    ),
}
2023-07-30 09:40:35 - INFO: [32mPOST[0m [34m/api[0m [33mapplication/json[0m:
2023-07-30 09:40:35 - ERROR: No matching routes for [32mPOST[0m [34m/api[0m [33mapplication/json[0m.
2023-07-30 09:40:35 - WARN: No [1;34m404[0m catcher registered. Using Rocket default.
2023-07-30 09:40:35 - DEBUG: sending response: Response {
    status: 404,
    version: HTTP/1.1,
    headers: {
        "content-type": "text/html; charset=utf-8",
        "server": "Rocket",
        "x-frame-options": "SAMEORIGIN",
        "x-content-type-options": "nosniff",
        "permissions-policy": "interest-cohort=()",
        "content-length": "383",
    },
    body: Body(
        Streaming,
    ),
}
2023-07-30 09:40:35 - INFO: [32mResponse succeeded.[0m
2023-07-30 09:40:48 - DEBUG: Received request: Request {
    method: POST,
    uri: /api/test,
    version: HTTP/1.1,
    headers: {
        "host": "localhost:8000",
        "user-agent": "curl/8.1.2",
        "accept": "*/*",
        "content-type": "application/json",
        "content-length": "20",
    },
    body: Body(
        Streaming,
    ),
}
2023-07-30 09:40:48 - INFO: [32mPOST[0m [34m/api/test[0m [33mapplication/json[0m:
2023-07-30 09:40:48 - INFO: Matched: [36m([0m[39madd[0m[36m)[0m [32mPOST[0m [4;34m/api[0m[34m/test[0m [33mapplication/json[0m
2023-07-30 09:40:48 - INFO: "{ \"field\": \"value\" }"
2023-07-30 09:40:48 - INFO: [1;39mOutcome:[0m [32mSuccess[0m
2023-07-30 09:40:48 - DEBUG: sending response: Response {
    status: 200,
    version: HTTP/1.1,
    headers: {
        "content-type": "text/plain; charset=utf-8",
        "server": "Rocket",
        "x-frame-options": "SAMEORIGIN",
        "x-content-type-options": "nosniff",
        "permissions-policy": "interest-cohort=()",
        "content-length": "20",
    },
    body: Body(
        Streaming,
    ),
}
2023-07-30 09:40:48 - INFO: [32mResponse succeeded.[0m
2023-07-30 09:41:19 - DEBUG: Received request: Request {
    method: POST,
    uri: /api/test,
    version: HTTP/1.1,
    headers: {
        "host": "localhost:8000",
        "user-agent": "curl/8.1.2",
        "accept": "*/*",
        "content-type": "application/json",
        "content-length": "20",
    },
    body: Body(
        Streaming,
    ),
}
2023-07-30 09:41:19 - INFO: [32mPOST[0m [34m/api/test[0m [33mapplication/json[0m:
2023-07-30 09:41:19 - INFO: Matched: [36m([0m[39madd[0m[36m)[0m [32mPOST[0m [4;34m/api[0m[34m/test[0m [33mapplication/json[0m
2023-07-30 09:41:19 - INFO: "{ \"field\": \"value\" }"
2023-07-30 09:41:19 - INFO: [1;39mOutcome:[0m [32mSuccess[0m
2023-07-30 09:41:19 - DEBUG: sending response: Response {
    status: 200,
    version: HTTP/1.1,
    headers: {
        "content-type": "text/plain; charset=utf-8",
        "server": "Rocket",
        "x-frame-options": "SAMEORIGIN",
        "x-content-type-options": "nosniff",
        "permissions-policy": "interest-cohort=()",
        "content-length": "20",
    },
    body: Body(
        Streaming,
    ),
}
2023-07-30 09:41:19 - INFO: [32mResponse succeeded.[0m
2023-07-30 10:32:42 - WARN: Received SIGINT. Requesting shutdown.
2023-07-30 10:32:42 - INFO: Shutdown requested. Waiting for pending I/O...
2023-07-30 10:32:42 - INFO: Graceful shutdown completed successfully.
2023-07-30 10:32:44 - INFO: Start program
2023-07-30 10:32:44 - INFO: 🔧 Configured for [4mdebug[0m.
2023-07-30 10:32:44 - INFO: address: [1;39m127.0.0.1[0m
2023-07-30 10:32:44 - INFO: port: [1;39m8000[0m
2023-07-30 10:32:44 - INFO: workers: [1;39m12[0m
2023-07-30 10:32:44 - INFO: max blocking threads: [1;39m512[0m
2023-07-30 10:32:44 - INFO: ident: [1;39mRocket[0m
2023-07-30 10:32:44 - INFO: IP header: [1;39mX-Real-IP[0m
2023-07-30 10:32:44 - INFO: limits: [1;39mbytes = 8KiB, data-form = 2MiB, file = 1MiB, form = 32KiB, json = 1MiB, msgpack = 1MiB, string = 8KiB[0m
2023-07-30 10:32:44 - INFO: temp dir: [1;39m/tmp[0m
2023-07-30 10:32:44 - INFO: http/2: [1;39mtrue[0m
2023-07-30 10:32:44 - INFO: keep-alive: [1;39m5[0m[1;39ms[0m
2023-07-30 10:32:44 - INFO: tls: [1;39mdisabled[0m
2023-07-30 10:32:44 - INFO: shutdown: [1;39mctrlc = true, force = true, signals = [SIGTERM], grace = 2s, mercy = 3s[0m
2023-07-30 10:32:44 - INFO: log level: [1;39mnormal[0m
2023-07-30 10:32:44 - INFO: cli colors: [1;39mtrue[0m
2023-07-30 10:32:44 - INFO: 📬 [35mRoutes[0m:
2023-07-30 10:32:44 - INFO: [36m([0m[39madd[0m[36m)[0m [32mPOST[0m [4;34m/api[0m[34m/test[0m [33mapplication/json[0m
2023-07-30 10:32:44 - INFO: 📡 [35mFairings[0m:
2023-07-30 10:32:44 - INFO: [1;39mShield[0m ([1;34mliftoff, response, singleton[0m)
2023-07-30 10:32:44 - INFO: 🛡️ [35mShield[0m:
2023-07-30 10:32:44 - INFO: Permissions-Policy: [39minterest-cohort=()[0m
2023-07-30 10:32:44 - INFO: X-Content-Type-Options: [39mnosniff[0m
2023-07-30 10:32:44 - INFO: X-Frame-Options: [39mSAMEORIGIN[0m
2023-07-30 10:32:44 - WARN: 🚀 [1;39mRocket has launched from [4mhttp://127.0.0.1:8000[0m
2023-07-30 10:32:52 - DEBUG: Received request: Request {
    method: POST,
    uri: /api/test,
    version: HTTP/1.1,
    headers: {
        "host": "localhost:8000",
        "user-agent": "curl/8.1.2",
        "accept": "*/*",
        "content-type": "application/json",
        "content-length": "20",
    },
    body: Body(
        Streaming,
    ),
}
2023-07-30 10:32:52 - INFO: [32mPOST[0m [34m/api/test[0m [33mapplication/json[0m:
2023-07-30 10:32:52 - INFO: Matched: [36m([0m[39madd[0m[36m)[0m [32mPOST[0m [4;34m/api[0m[34m/test[0m [33mapplication/json[0m
2023-07-30 10:32:52 - INFO: "{ \"field\": \"value\" }"
2023-07-30 10:32:52 - INFO: [1;39mOutcome:[0m [32mSuccess[0m
2023-07-30 10:32:52 - DEBUG: sending response: Response {
    status: 200,
    version: HTTP/1.1,
    headers: {
        "content-type": "text/plain; charset=utf-8",
        "server": "Rocket",
        "permissions-policy": "interest-cohort=()",
        "x-content-type-options": "nosniff",
        "x-frame-options": "SAMEORIGIN",
        "content-length": "20",
    },
    body: Body(
        Streaming,
    ),
}
2023-07-30 10:32:52 - INFO: [32mResponse succeeded.[0m
2023-07-30 10:33:25 - WARN: Received SIGINT. Requesting shutdown.
2023-07-30 10:33:25 - INFO: Shutdown requested. Waiting for pending I/O...
2023-07-30 10:33:25 - INFO: Graceful shutdown completed successfully.
2023-07-30 10:33:39 - INFO: Start program
2023-07-30 10:33:39 - INFO: 🔧 Configured for [4mdebug[0m.
2023-07-30 10:33:39 - INFO: address: [1;39m127.0.0.1[0m
2023-07-30 10:33:39 - INFO: port: [1;39m8000[0m
2023-07-30 10:33:39 - INFO: workers: [1;39m12[0m
2023-07-30 10:33:39 - INFO: max blocking threads: [1;39m512[0m
2023-07-30 10:33:39 - INFO: ident: [1;39mRocket[0m
2023-07-30 10:33:39 - INFO: IP header: [1;39mX-Real-IP[0m
2023-07-30 10:33:39 - INFO: limits: [1;39mbytes = 8KiB, data-form = 2MiB, file = 1MiB, form = 32KiB, json = 1MiB, msgpack = 1MiB, string = 8KiB[0m
2023-07-30 10:33:39 - INFO: temp dir: [1;39m/tmp[0m
2023-07-30 10:33:39 - INFO: http/2: [1;39mtrue[0m
2023-07-30 10:33:39 - INFO: keep-alive: [1;39m5[0m[1;39ms[0m
2023-07-30 10:33:39 - INFO: tls: [1;39mdisabled[0m
2023-07-30 10:33:39 - INFO: shutdown: [1;39mctrlc = true, force = true, signals = [SIGTERM], grace = 2s, mercy = 3s[0m
2023-07-30 10:33:39 - INFO: log level: [1;39mnormal[0m
2023-07-30 10:33:39 - INFO: cli colors: [1;39mtrue[0m
2023-07-30 10:33:39 - INFO: 📬 [35mRoutes[0m:
2023-07-30 10:33:39 - INFO: [36m([0m[39madd[0m[36m)[0m [32mPOST[0m [4;34m/api[0m[34m/test[0m [33mapplication/json[0m
2023-07-30 10:33:39 - INFO: 📡 [35mFairings[0m:
2023-07-30 10:33:39 - INFO: [1;39mShield[0m ([1;34mliftoff, response, singleton[0m)
2023-07-30 10:33:39 - INFO: 🛡️ [35mShield[0m:
2023-07-30 10:33:39 - INFO: Permissions-Policy: [39minterest-cohort=()[0m
2023-07-30 10:33:39 - INFO: X-Content-Type-Options: [39mnosniff[0m
2023-07-30 10:33:39 - INFO: X-Frame-Options: [39mSAMEORIGIN[0m
2023-07-30 10:33:39 - WARN: 🚀 [1;39mRocket has launched from [4mhttp://127.0.0.1:8000[0m
2023-07-30 10:33:42 - DEBUG: Received request: Request {
    method: POST,
    uri: /api/test,
    version: HTTP/1.1,
    headers: {
        "host": "localhost:8000",
        "user-agent": "curl/8.1.2",
        "accept": "*/*",
        "content-type": "application/json",
        "content-length": "20",
    },
    body: Body(
        Streaming,
    ),
}
2023-07-30 10:33:42 - INFO: [32mPOST[0m [34m/api/test[0m [33mapplication/json[0m:
2023-07-30 10:33:42 - INFO: Matched: [36m([0m[39madd[0m[36m)[0m [32mPOST[0m [4;34m/api[0m[34m/test[0m [33mapplication/json[0m
2023-07-30 10:33:42 - INFO: { "field": "value" }
2023-07-30 10:33:42 - INFO: [1;39mOutcome:[0m [32mSuccess[0m
2023-07-30 10:33:42 - DEBUG: sending response: Response {
    status: 200,
    version: HTTP/1.1,
    headers: {
        "content-type": "text/plain; charset=utf-8",
        "server": "Rocket",
        "permissions-policy": "interest-cohort=()",
        "x-content-type-options": "nosniff",
        "x-frame-options": "SAMEORIGIN",
        "content-length": "20",
    },
    body: Body(
        Streaming,
    ),
}
2023-07-30 10:33:42 - INFO: [32mResponse succeeded.[0m
2023-07-30 10:34:05 - WARN: Received SIGINT. Requesting shutdown.
2023-07-30 10:34:05 - INFO: Shutdown requested. Waiting for pending I/O...
2023-07-30 10:34:05 - INFO: Graceful shutdown completed successfully.
